[Moise] Workspace dcOrg created.
[Moise] getJoinedWorkspaces: [dcOrg]
[Moise] scheme created: data_center_schema: data_center_sch using artifact SchemeBoard
[Moise] group created: techGrp: dcGroup using artifact ora4mas.nopl.GroupBoard
[Cartago] Workspace data_center created.
[Cartago] getJoinedWorkspaces: [main]
[Cartago] artifact m1view: data_center.DataCenterPlanet(1,0) at data_center created.
[Cartago] artifact m2view: data_center.DataCenterPlanet(1,1) at data_center created.
[Cartago] artifact redTeamMap: data_center.WorldMap("TeamRed") at data_center created.
[Cartago] artifact greenTeamMap: data_center.WorldMap("TeamGreen") at data_center created.
[Cartago] artifact m4view: data_center.DataCenterPlanet(1,3) at data_center created.
[Cartago] artifact pinkTeamMap: data_center.WorldMap("TeamPink") at data_center created.
[Cartago] artifact m3view: data_center.DataCenterPlanet(1,2) at data_center created.
[Cartago] artifact orangeTeamMap: data_center.WorldMap("TeamOrange") at data_center created.
[greenTechnician] joinned workspace data_center
[greenTechnician] joinned workspace dcOrg
[manager] joinned workspace dcOrg
[greenTechnician] focusing on artifact m4view (at workspace data_center) using namespace default
[manager] focusing on artifact techGrp (at workspace dcOrg) using namespace default
[pinkTechnician] joinned workspace data_center
[greenTechnician] focusing on artifact greenTeamMap (at workspace data_center) using namespace default
[pinkTechnician] joinned workspace dcOrg
[manager] focusing on artifact dcOrg (at workspace dcOrg) using namespace default
[pinkTechnician] focusing on artifact m1view (at workspace data_center) using namespace default
[pinkTechnician] focusing on artifact pinkTeamMap (at workspace data_center) using namespace default
[greenTechnician] focusing on artifact techGrp (at workspace dcOrg) using namespace default
[pinkTechnician] focusing on artifact techGrp (at workspace dcOrg) using namespace default
[greenTechnician] focusing on artifact dcOrg (at workspace dcOrg) using namespace default
[pinkTechnician] focusing on artifact dcOrg (at workspace dcOrg) using namespace default
[greenTechnician] I am near to [9,14]
[pinkTechnician] No fail event was generated for +!jcm::initial_roles([role(dcOrg,"local",techGrp,technician)],5)
[greenTechnician] No fail event was generated for +!jcm::initial_roles([role(dcOrg,"local",techGrp,technician)],5)
[greenTechnician] Found a goal for which there is no relevant plan: +!jcm::initial_roles([role(dcOrg,"local",techGrp,technician)],5)
[pinkTechnician] Found a goal for which there is no relevant plan: +!jcm::initial_roles([role(dcOrg,"local",techGrp,technician)],5)
[greenTechnician] No failure event was generated for +!start[code(lookupArtifact("greenTeamMap",_294)),code_line(8),code_src("technician_green.asl"),error(action_failed),error_msg("cartago.ArtifactNotAvailableException"),source(self)]
intention 11: 
    +!start[source(self)] <- ... lookupArtifact(MapName,MapId); .print("MapName: ",MapName); focus(MapId) / {MapName="greenTeamMap", T="green"}

[pinkTechnician] No failure event was generated for +!start[code(lookupArtifact("pinkTeamMap",_299)),code_line(19),code_src("technician_pink.asl"),error(action_failed),error_msg("cartago.ArtifactNotAvailableException"),source(self)]
intention 10: 
    +!start[source(self)] <- ... lookupArtifact(MapName,MapId); .print("MapName: ",MapName) / {AgY=0, MapName="pinkTeamMap", AgX=0, T="pink"}

[redTechnician] joinned workspace data_center
[orangeTechnician] joinned workspace data_center
[redTechnician] joinned workspace dcOrg
[redTechnician] focusing on artifact m3view (at workspace data_center) using namespace default
[orangeTechnician] joinned workspace dcOrg
[orangeTechnician] focusing on artifact m2view (at workspace data_center) using namespace default
[redTechnician] focusing on artifact redTeamMap (at workspace data_center) using namespace default
[orangeTechnician] focusing on artifact orangeTeamMap (at workspace data_center) using namespace default
[redTechnician] focusing on artifact techGrp (at workspace dcOrg) using namespace default
[orangeTechnician] focusing on artifact techGrp (at workspace dcOrg) using namespace default
[orangeTechnician] focusing on artifact dcOrg (at workspace dcOrg) using namespace default
[orangeTechnician] I am near to [15,1]
[orangeTechnician] No fail event was generated for +!jcm::initial_roles([role(dcOrg,"local",techGrp,technician)],5)
[orangeTechnician] Found a goal for which there is no relevant plan: +!jcm::initial_roles([role(dcOrg,"local",techGrp,technician)],5)
[orangeTechnician] No failure event was generated for +!start[code(lookupArtifact("orangeTeamMap",_313)),code_line(8),code_src("technician_orange.asl"),error(action_failed),error_msg("cartago.ArtifactNotAvailableException"),source(self)]
intention 14: 
    +!start[source(self)] <- ... lookupArtifact(MapName,MapId); .print("MapName: ",MapName) / {MapName="orangeTeamMap", T="orange"}

[redTechnician] focusing on artifact dcOrg (at workspace dcOrg) using namespace default
[pinkTechnician] I am (0,0) and I cannot go to ' (13,37)
[redTechnician] I am near to [14,3]
[redTechnician] No fail event was generated for +!jcm::initial_roles([role(dcOrg,"local",techGrp,technician)],5)
[redTechnician] Found a goal for which there is no relevant plan: +!jcm::initial_roles([role(dcOrg,"local",techGrp,technician)],5)
[redTechnician] No failure event was generated for +!start[code(lookupArtifact("redTeamMap",_324)),code_line(9),code_src("technician_red.asl"),error(action_failed),error_msg("cartago.ArtifactNotAvailableException"),source(self)]
intention 17: 
    +!start[source(self)] <- ... lookupArtifact(MapName,MapId); .print("MapName: ",MapName) / {MapName="redTeamMap", T="red"}

[greenTechnician] I saw server in: gold(25,23)
[greenTechnician] Leave desires and intentions to seek gold(25,23)
[greenTechnician] I'm going to gold(25,23)
[greenTechnician] I'm fixing gold(25,23)
[greenTechnician] I reached (25x23)!
[redTechnician] I saw server in: gold(5,28)
[redTechnician] Leave desires and intentions to seek gold(5,28)
[redTechnician] I'm going to gold(5,28)
[redTechnician] I'm fixing gold(5,28)
[redTechnician] I reached (5x28)!
[pinkTechnician] I am (8,0) that is near to (9,1)
[orangeTechnician] I saw server in: gold(16,1)
[orangeTechnician] Leave desires and intentions to seek gold(16,1)
[orangeTechnician] I'm going to gold(16,1)
[orangeTechnician] I'm fixing gold(16,1)
[pinkTechnician] I saw server in gold(9,6)
[pinkTechnician] Leave desires and intentions to seek gold(9,6)
[pinkTechnician] I'm going to gold(9,6)
[pinkTechnician] I'm fixing gold(9,6)
[orangeTechnician] I reached (16x1)!
[pinkTechnician] I reached (9x6)!
[greenTechnician] I reached (16x16)!
[WorldModel] Agent 4 is carrying gold to the depot.
[greenTechnician] Fix finished gold(25,23)
[greenTechnician] Failed to repair gold(25,23), it's not on BB.
[greenTechnician] Server distance: [d(5,gold(17,20))]1
[greenTechnician] Next server is gold(17,20)
[greenTechnician] I'm fixing gold(17,20)
[greenTechnician] I reached (17x20)!
[redTechnician] I reached (16x16)!
[WorldModel] Agent 3 is carrying gold to the depot.
[redTechnician] Fix finished gold(5,28)
[redTechnician] Failed to repair gold(5,28), it's not on BB.
[redTechnician] Server distance: [d(5,gold(17,20))]1
[redTechnician] Next server is gold(17,20)
[redTechnician] I'm fixing gold(17,20)
[orangeTechnician] I reached (16x16)!
[WorldModel] Agent 2 is carrying gold to the depot.
[orangeTechnician] Fix finished gold(16,1)
[orangeTechnician] Failed to repair gold(16,1), it's not on BB.
[orangeTechnician] Server distance: [d(2,gold(16,14))]1
[orangeTechnician] Next server is gold(16,14)
[orangeTechnician] I'm fixing gold(16,14)
[orangeTechnician] I reached (16x14)!
[pinkTechnician] I reached (16x16)!
[WorldModel] Agent 1 is carrying gold to the depot.
[pinkTechnician] Repair finished gold(9,6)
[pinkTechnician] Failed to repair gold(9,6), it's not on BB.
[greenTechnician] I reached (16x16)!
[WorldModel] Agent 4 is carrying gold to the depot.
[greenTechnician] Fix finished gold(17,20)
[greenTechnician] Failed to repair gold(17,20), it's not on BB.
[greenTechnician] I am near to [7,3]
[orangeTechnician] I reached (16x16)!
[WorldModel] Agent 2 is carrying gold to the depot.
[orangeTechnician] Fix finished gold(16,14)
[orangeTechnician] Failed to repair gold(16,14), it's not on BB.
[orangeTechnician] I am near to [20,30]
[pinkTechnician] I am (10,8) that is near to (9,8)
[greenTechnician] I am [7,4] that is near to [7,3]
[pinkTechnician] I am (7,12) that is near to (7,13)
[orangeTechnician] I saw server in: gold(18,29)
[orangeTechnician] Leave desires and intentions to seek gold(18,29)
[orangeTechnician] I'm going to gold(18,29)
[orangeTechnician] I'm fixing gold(18,29)
[greenTechnician] I am near to [26,22]
[orangeTechnician] I reached (18x29)!
[pinkTechnician] I saw server in gold(18,6)
[pinkTechnician] Leave desires and intentions to seek gold(18,6)
[pinkTechnician] I'm going to gold(18,6)
[pinkTechnician] I'm fixing gold(18,6)
[pinkTechnician] I reached (18x6)!
[orangeTechnician] I reached (16x16)!
[greenTechnician] I saw server in: gold(20,13)
[greenTechnician] Leave desires and intentions to seek gold(20,13)
[greenTechnician] I'm going to gold(20,13)
[greenTechnician] I'm fixing gold(20,13)
[WorldModel] Agent 2 is carrying gold to the depot.
[orangeTechnician] Fix finished gold(18,29)
[orangeTechnician] Failed to repair gold(18,29), it's not on BB.
[orangeTechnician] I am near to [28,6]
[greenTechnician] I reached (20x13)!
[greenTechnician] I reached (16x16)!
[WorldModel] Agent 4 is carrying gold to the depot.
[greenTechnician] Fix finished gold(20,13)
[greenTechnician] Failed to repair gold(20,13), it's not on BB.
[greenTechnician] I am near to [31,1]
[pinkTechnician] I reached (16x16)!
[WorldModel] Agent 1 is carrying gold to the depot.
[pinkTechnician] Repair finished gold(18,6)
[pinkTechnician] Failed to repair gold(18,6), it's not on BB.
[pinkTechnician] I am (16,16) and I cannot go to ' (18,38)
[pinkTechnician] I am (15,16) that is near to (14,17)
[orangeTechnician] I am [27,7] that is near to [28,6]
[orangeTechnician] I am near to [33,8]
[orangeTechnician] I am [32,7] that is near to [33,8]
[orangeTechnician] I am near to [21,13]
[greenTechnician] I saw server in: gold(32,11)
[greenTechnician] Leave desires and intentions to seek gold(32,11)
[greenTechnician] I'm going to gold(32,11)
[greenTechnician] I'm fixing gold(32,11)
[pinkTechnician] I am (15,5) and I cannot go to ' (18,5)
[greenTechnician] I reached (32x11)!
[orangeTechnician] I am [19,13] and I cannot go to '[21,13]
[orangeTechnician] I am near to [26,18]
[pinkTechnician] I am (0,4) and I cannot go to ' (2,4)
[greenTechnician] I reached (16x16)!
[WorldModel] Agent 4 is carrying gold to the depot.
[greenTechnician] Fix finished gold(32,11)
[greenTechnician] Failed to repair gold(32,11), it's not on BB.
[greenTechnician] Server distance: [d(22,gold(33,11))]1
[greenTechnician] Next server is gold(33,11)
[greenTechnician] I'm fixing gold(33,11)
[orangeTechnician] I am [25,18] that is near to [26,18]
[orangeTechnician] I am near to [26,26]
[orangeTechnician] I am [26,25] that is near to [26,26]
[orangeTechnician] I am near to [0,12]
[pinkTechnician] I am (22,10) that is near to (22,11)
[greenTechnician] I reached (33x11)!
[pinkTechnician] I am (20,17) that is near to (20,18)
[pinkTechnician] I am (22,21) that is near to (22,22)
[orangeTechnician] I am [0,13] that is near to [0,12]
[orangeTechnician] I am near to [25,31]
[greenTechnician] I reached (16x16)!
[WorldModel] Agent 4 is carrying gold to the depot.
[greenTechnician] Fix finished gold(33,11)
[greenTechnician] Failed to repair gold(33,11), it's not on BB.
[greenTechnician] I am near to [23,1]
[pinkTechnician] I am (19,31) that is near to (20,32)
[greenTechnician] I saw server in: gold(24,13)
[greenTechnician] Leave desires and intentions to seek gold(24,13)
[greenTechnician] I'm going to gold(24,13)
[greenTechnician] I'm fixing gold(24,13)
[greenTechnician] I reached (24x13)!
[pinkTechnician] I am (10,34) that is near to (9,33)
[greenTechnician] I reached (16x16)!
[WorldModel] Agent 4 is carrying gold to the depot.
[greenTechnician] Fix finished gold(24,13)
[greenTechnician] Failed to repair gold(24,13), it's not on BB.
[greenTechnician] I am near to [33,16]
[pinkTechnician] I am (12,15) that is near to (12,14)
[pinkTechnician] I am (12,15) and I cannot go to ' (3,36)
[orangeTechnician] I saw server in: gold(24,28)
[orangeTechnician] Leave desires and intentions to seek gold(24,28)
[orangeTechnician] I'm going to gold(24,28)
[orangeTechnician] I'm fixing gold(24,28)
[orangeTechnician] I reached (24x28)!
[greenTechnician] I am [32,16] that is near to [33,16]
[greenTechnician] I am near to [15,21]
[orangeTechnician] I reached (16x16)!
[WorldModel] Agent 2 is carrying gold to the depot.
[orangeTechnician] Fix finished gold(24,28)
[orangeTechnician] Failed to repair gold(24,28), it's not on BB.
[orangeTechnician] I am near to [6,11]
[pinkTechnician] I am (22,30) that is near to (22,31)
[orangeTechnician] I am [4,11] and I cannot go to '[6,11]
[orangeTechnician] I am near to [12,27]
[pinkTechnician] I am (19,10) that is near to (19,9)
[pinkTechnician] I am (26,8) that is near to (27,7)
[orangeTechnician] I am [12,26] that is near to [12,27]
[orangeTechnician] I am near to [17,9]
[pinkTechnician] I am (3,3) that is near to (2,2)
[pinkTechnician] I saw server in gold(2,2)
[pinkTechnician] Leave desires and intentions to seek gold(2,2)
[pinkTechnician] I'm going to gold(2,2)
[pinkTechnician] I'm fixing gold(2,2)
[pinkTechnician] I reached (2x2)!
[pinkTechnician] I reached (16x16)!
[WorldModel] Agent 1 is carrying gold to the depot.
[pinkTechnician] Repair finished gold(2,2)
[pinkTechnician] Failed to repair gold(2,2), it's not on BB.
[pinkTechnician] I'm fixing gold(0,37)
[GroupBoard] manager has quit, role manager removed by the platform!
